<?xml version="1.0" encoding="UTF-8"?>
<testsuite name="ch.epfl.sweng.favors.ExampleUnitTest" tests="1" skipped="0" failures="0" errors="0" timestamp="2018-10-12T10:29:56" hostname="bastien-ThinkPad-P50" time="0.001">
  <properties/>
  <testcase name="addition_isCorrect" classname="ch.epfl.sweng.favors.ExampleUnitTest" time="0.001"/>
  <system-out><![CDATA[]]></system-out>
  <system-err><![CDATA[]]></system-err>
</testsuite>
