<?xml version='1.0' encoding='UTF-8' ?>
<testsuite name="ch.epfl.sweng.favors.ExampleInstrumentedTest" tests="2" failures="0" errors="0" skipped="0" time="0.612" timestamp="2018-10-12T10:30:03" hostname="localhost">
  <properties>
    <property name="device" value="Nexus_5X_API_25(AVD) - 7.1.1" />
    <property name="flavor" value="" />
    <property name="project" value="app" />
  </properties>
  <testcase name="useAppContext" classname="ch.epfl.sweng.favors.ExampleInstrumentedTest" time="0.0" />
  <testcase name="testSplashScreen" classname="ch.epfl.sweng.favors.SplashScreenActivityTest" time="0.402" />
</testsuite>